
> tweeter@0.1.0 build
> next build

   ▲ Next.js 15.4.7
   - Environments: .env.local

   Creating an optimized production build ...
 ✓ Compiled successfully in 5.0s
   Linting and checking validity of types ...

./app/api/tweets/route.ts
19:12  Warning: 'error' is defined but never used.  @typescript-eslint/no-unused-vars

./components/TweetDashboard.tsx
45:5  Warning: 'nextPage' is assigned a value but never used.  @typescript-eslint/no-unused-vars
46:5  Warning: 'prevPage' is assigned a value but never used.  @typescript-eslint/no-unused-vars

./lib/db.ts
51:12  Warning: 'error' is defined but never used.  @typescript-eslint/no-unused-vars
67:12  Warning: 'error' is defined but never used.  @typescript-eslint/no-unused-vars
106:12  Warning: 'error' is defined but never used.  @typescript-eslint/no-unused-vars

./lib/trending.ts
183:12  Warning: 'error' is defined but never used.  @typescript-eslint/no-unused-vars
331:18  Warning: 'err' is defined but never used.  @typescript-eslint/no-unused-vars

info  - Need to disable some ESLint rules? Learn more here: https://nextjs.org/docs/app/api-reference/config/eslint#disabling-rules
   Collecting page data ...
   Generating static pages (0/9) ...
   Generating static pages (2/9) 
   Generating static pages (4/9) 
   Generating static pages (6/9) 
 ✓ Generating static pages (9/9)
   Finalizing page optimization ...
   Collecting build traces ...

Route (app)                                 Size  First Load JS
┌ ○ /                                    18.6 kB         128 kB
├ ○ /_not-found                            992 B         101 kB
├ ƒ /api/auto-scheduler                    135 B        99.7 kB
├ ƒ /api/scheduler                         135 B        99.7 kB
├ ƒ /api/test-twitter                      135 B        99.7 kB
├ ƒ /api/tweets                            135 B        99.7 kB
└ ƒ /api/tweets/[id]                       135 B        99.7 kB
+ First Load JS shared by all            99.6 kB
  ├ chunks/4bd1b696-cf72ae8a39fa05aa.js  54.1 kB
  ├ chunks/964-4542b6435bd81c5b.js       43.5 kB
  └ other shared chunks (total)           1.9 kB


○  (Static)   prerendered as static content
ƒ  (Dynamic)  server-rendered on demand

